D, [2014-02-02T16:01:49.081823 #81038] DEBUG -- :   [1m[36m (69.0ms)[0m  [1mCREATE TABLE "schema_migrations" ("version" character varying(255) NOT NULL) [0m
D, [2014-02-02T16:01:49.087330 #81038] DEBUG -- :   [1m[35m (1.4ms)[0m  CREATE UNIQUE INDEX "unique_schema_migrations" ON "schema_migrations" ("version")
D, [2014-02-02T16:09:48.585367 #81595] DEBUG -- :   [1m[36mActiveRecord::SchemaMigration Load (0.4ms)[0m  [1mSELECT "schema_migrations".* FROM "schema_migrations"[0m
I, [2014-02-02T16:09:48.585507 #81595]  INFO -- : Migrating to CreateZusers (1)
D, [2014-02-02T16:09:48.586271 #81595] DEBUG -- :   [1m[35m (0.2ms)[0m  BEGIN
D, [2014-02-02T16:09:48.642153 #81595] DEBUG -- :   [1m[36mSQL (16.1ms)[0m  [1mINSERT INTO "schema_migrations" ("version") VALUES ($1)[0m  [["version", "1"]]
D, [2014-02-02T16:09:48.658147 #81595] DEBUG -- :   [1m[35m (15.7ms)[0m  COMMIT
D, [2014-02-02T16:11:04.873928 #81712] DEBUG -- :   [1m[36mActiveRecord::SchemaMigration Load (0.5ms)[0m  [1mSELECT "schema_migrations".* FROM "schema_migrations"[0m
D, [2014-02-02T16:11:32.400035 #81808] DEBUG -- :   [1m[36mActiveRecord::SchemaMigration Load (0.4ms)[0m  [1mSELECT "schema_migrations".* FROM "schema_migrations"[0m
D, [2014-02-02T16:11:58.708478 #81931] DEBUG -- :   [1m[36mActiveRecord::SchemaMigration Load (0.4ms)[0m  [1mSELECT "schema_migrations".* FROM "schema_migrations"[0m
I, [2014-02-02T16:11:58.713560 #81931]  INFO -- : Migrating to CreateZusers (2)
D, [2014-02-02T16:11:58.714278 #81931] DEBUG -- :   [1m[35m (0.1ms)[0m  BEGIN
D, [2014-02-02T16:11:58.717929 #81931] DEBUG -- :   [1m[36m (0.4ms)[0m  [1mCREATE INDEX "index_zusers_on_nick" ON "zusers" ("nick")[0m
E, [2014-02-02T16:11:58.717976 #81931] ERROR -- : PG::UndefinedTable: ERROR:  relation "zusers" does not exist
: CREATE  INDEX  "index_zusers_on_nick" ON "zusers"  ("nick")
D, [2014-02-02T16:11:58.718219 #81931] DEBUG -- :   [1m[35m (0.1ms)[0m  ROLLBACK
D, [2014-02-02T16:13:07.857742 #82030] DEBUG -- :   [1m[36mActiveRecord::SchemaMigration Load (0.4ms)[0m  [1mSELECT "schema_migrations".* FROM "schema_migrations"[0m
D, [2014-02-02T16:13:27.025151 #82090] DEBUG -- :   [1m[36mActiveRecord::SchemaMigration Load (0.4ms)[0m  [1mSELECT "schema_migrations".* FROM "schema_migrations"[0m
I, [2014-02-02T16:13:27.030348 #82090]  INFO -- : Migrating to CreateZusers (1)
D, [2014-02-02T16:13:27.031074 #82090] DEBUG -- :   [1m[35m (0.1ms)[0m  BEGIN
D, [2014-02-02T16:13:27.034774 #82090] DEBUG -- :   [1m[36m (0.4ms)[0m  [1mCREATE INDEX "index_zusers_on_nick" ON "zusers" ("nick")[0m
E, [2014-02-02T16:13:27.034822 #82090] ERROR -- : PG::UndefinedTable: ERROR:  relation "zusers" does not exist
: CREATE  INDEX  "index_zusers_on_nick" ON "zusers"  ("nick")
D, [2014-02-02T16:13:27.035071 #82090] DEBUG -- :   [1m[35m (0.1ms)[0m  ROLLBACK
D, [2014-02-02T16:13:52.354343 #82147] DEBUG -- :   [1m[36mActiveRecord::SchemaMigration Load (0.4ms)[0m  [1mSELECT "schema_migrations".* FROM "schema_migrations"[0m
I, [2014-02-02T16:13:52.359385 #82147]  INFO -- : Migrating to CreateZusers (1)
D, [2014-02-02T16:13:52.360187 #82147] DEBUG -- :   [1m[35m (0.2ms)[0m  BEGIN
D, [2014-02-02T16:13:52.430011 #82147] DEBUG -- :   [1m[36m (51.3ms)[0m  [1mCREATE TABLE "zusers" ("id" serial primary key, "nick" character varying(255) NOT NULL, "user" character varying(255) NOT NULL, "real" character varying(255) NOT NULL, "host" character varying(255) NOT NULL, "auth" character varying(255) DEFAULT 'f', "role" character varying(255) DEFAULT 'nobody', "ircop" bool DEFAULT 'f') [0m
D, [2014-02-02T16:13:52.435197 #82147] DEBUG -- :   [1m[35mSQL (0.6ms)[0m  INSERT INTO "schema_migrations" ("version") VALUES ($1)  [["version", "1"]]
D, [2014-02-02T16:13:52.436407 #82147] DEBUG -- :   [1m[36m (1.0ms)[0m  [1mCOMMIT[0m
D, [2014-02-02T16:18:27.615312 #82490] DEBUG -- :   [1m[36mActiveRecord::SchemaMigration Load (0.5ms)[0m  [1mSELECT "schema_migrations".* FROM "schema_migrations"[0m
I, [2014-02-02T16:18:27.620786 #82490]  INFO -- : Migrating to CreateZusers (1)
D, [2014-02-02T16:18:27.621593 #82490] DEBUG -- :   [1m[35m (0.2ms)[0m  BEGIN
D, [2014-02-02T16:18:27.630620 #82490] DEBUG -- :   [1m[36m (5.3ms)[0m  [1mCREATE TABLE "zusers" ("id" serial primary key, "nick" character varying(255) NOT NULL, "user" character varying(255) NOT NULL, "real" character varying(255) NOT NULL, "host" character varying(255) NOT NULL, "auth" character varying(255) DEFAULT 'f', "role" character varying(255) DEFAULT 'nobody', "ircop" bool DEFAULT 'f') [0m
D, [2014-02-02T16:18:27.635970 #82490] DEBUG -- :   [1m[35mSQL (0.7ms)[0m  INSERT INTO "schema_migrations" ("version") VALUES ($1)  [["version", "1"]]
D, [2014-02-02T16:18:27.659213 #82490] DEBUG -- :   [1m[36m (23.0ms)[0m  [1mCOMMIT[0m
